<?xml version="1.0" encoding="UTF-8"?>
<testng-results ignored="0" total="6" passed="6" failed="0" skipped="0">
  <reporter-output>
  </reporter-output>
  <suite started-at="2021-10-22T13:12:35 EDT" name="Default suite" finished-at="2021-10-22T13:15:33 EDT" duration-ms="178566">
    <groups>
    </groups>
    <test started-at="2021-10-22T13:12:35 EDT" name="Default test" finished-at="2021-10-22T13:15:33 EDT" duration-ms="178566">
      <class name="RestAPI.TekSystemScreening.TestingRestAPI">
        <test-method signature="getInputFromUser()[pri:2, instance:RestAPI.TekSystemScreening.TestingRestAPI@73700b80]" started-at="2021-10-22T13:12:35 EDT" name="getInputFromUser" finished-at="2021-10-22T13:12:41 EDT" duration-ms="6640" status="PASS">
          <reporter-output>
          </reporter-output>
        </test-method> <!-- getInputFromUser -->
        <test-method signature="getRequest()[pri:3, instance:RestAPI.TekSystemScreening.TestingRestAPI@73700b80]" started-at="2021-10-22T13:12:41 EDT" name="getRequest" finished-at="2021-10-22T13:12:44 EDT" duration-ms="2692" status="PASS">
          <reporter-output>
          </reporter-output>
        </test-method> <!-- getRequest -->
        <test-method signature="lastMethod()[pri:4, instance:RestAPI.TekSystemScreening.TestingRestAPI@73700b80]" started-at="2021-10-22T13:12:44 EDT" name="lastMethod" finished-at="2021-10-22T13:12:44 EDT" duration-ms="1" status="PASS">
          <reporter-output>
          </reporter-output>
        </test-method> <!-- lastMethod -->
        <test-method signature="reRun()[pri:5, instance:RestAPI.TekSystemScreening.TestingRestAPI@73700b80]" started-at="2021-10-22T13:12:44 EDT" name="reRun" finished-at="2021-10-22T13:15:33 EDT" duration-ms="168915" status="PASS">
          <reporter-output>
          </reporter-output>
        </test-method> <!-- reRun -->
        <test-method signature="negativeTestCase01()[pri:6, instance:RestAPI.TekSystemScreening.TestingRestAPI@73700b80]" started-at="2021-10-22T13:15:33 EDT" name="negativeTestCase01" finished-at="2021-10-22T13:15:33 EDT" duration-ms="145" status="PASS">
          <reporter-output>
          </reporter-output>
        </test-method> <!-- negativeTestCase01 -->
        <test-method signature="negativeTestCase02()[pri:7, instance:RestAPI.TekSystemScreening.TestingRestAPI@73700b80]" started-at="2021-10-22T13:15:33 EDT" name="negativeTestCase02" finished-at="2021-10-22T13:15:33 EDT" duration-ms="114" status="PASS">
          <reporter-output>
          </reporter-output>
        </test-method> <!-- negativeTestCase02 -->
      </class> <!-- RestAPI.TekSystemScreening.TestingRestAPI -->
    </test> <!-- Default test -->
  </suite> <!-- Default suite -->
</testng-results>
