<?xml version="1.0" encoding="UTF-8"?>
<!-- Generated by org.testng.reporters.JUnitXMLReporter -->
<testsuite ignored="0" hostname="DESKTOP-BTHA099" failures="0" tests="6" name="Default test" time="178.566" errors="0" timestamp="2021-10-22T13:15:33 EDT">
  <testcase classname="RestAPI.TekSystemScreening.TestingRestAPI" name="getInputFromUser" time="6.64"/>
  <testcase classname="RestAPI.TekSystemScreening.TestingRestAPI" name="getRequest" time="2.692"/>
  <testcase classname="RestAPI.TekSystemScreening.TestingRestAPI" name="lastMethod" time="0.001"/>
  <testcase classname="RestAPI.TekSystemScreening.TestingRestAPI" name="reRun" time="168.915"/>
  <testcase classname="RestAPI.TekSystemScreening.TestingRestAPI" name="negativeTestCase01" time="0.145"/>
  <testcase classname="RestAPI.TekSystemScreening.TestingRestAPI" name="negativeTestCase02" time="0.114"/>
</testsuite> <!-- Default test -->
